<?xml version="1.0" encoding="UTF-8" ?>
<testsuite errors="0" failures="0" hostname="Danish_Mehmood" name="calculator.TestSuit" skipped="0" tests="4" time="0.09" timestamp="2018-05-15T10:49:54">
  <properties>
[...]
</properties>
  <testcase classname="calculator.TestSuit" name="testSum" time="0.007" />
  <testcase classname="calculator.TestSuit" name="testMinus" time="0.0" />
  <testcase classname="calculator.TestSuit" name="testDivide" time="0.0" />
  <testcase classname="calculator.TestSuit" name="testDivideWillThrowExceptionWhenDivideOnZero" time="0.0" />
  <system-out><![CDATA[]]></system-out>
  <system-err><![CDATA[]]></system-err>
</testsuite>
